<?xml version="1.0" encoding="UTF-8"?>
<!-- Generated by org.testng.reporters.JUnitXMLReporter -->
<testsuite ignored="1" hostname="DESKTOP-CBA4DBS" failures="0" tests="20" name="Command line test" time="0.073" errors="0" timestamp="2022-10-27T15:09:40 IST">
  <testcase classname="com.gfg.DependencyUnitTest" name="checkForValidMail" time="0.004"/>
  <testcase classname="com.gfg.DependencyUnitTest" name="logInWhenEmailValid" time="0.0"/>
  <testcase classname="com.gfg.MultiThreadedIntegrationTest" name="checkForCount" time="0.005"/>
  <testcase classname="com.gfg.MultiThreadedIntegrationTest" name="checkForCount" time="0.005"/>
  <testcase classname="com.gfg.MultiThreadedIntegrationTest" name="checkForCount" time="0.004"/>
  <testcase classname="com.gfg.MultiThreadedIntegrationTest" name="checkForCount" time="0.005"/>
  <testcase classname="com.gfg.MultiThreadedIntegrationTest" name="checkForCount" time="0.005"/>
  <testcase classname="com.gfg.MultiThreadedIntegrationTest" name="checkForCount" time="0.0"/>
  <testcase classname="com.gfg.MultiThreadedIntegrationTest" name="checkForCount" time="0.001"/>
  <testcase classname="com.gfg.MultiThreadedIntegrationTest" name="checkForCount" time="0.001"/>
  <testcase classname="com.gfg.MultiThreadedIntegrationTest" name="checkForCount" time="0.002"/>
  <testcase classname="com.gfg.MultiThreadedIntegrationTest" name="checkForCount" time="0.003"/>
  <testcase classname="com.gfg.ParametrizedUnitTest" name="evenNumberCheck" time="0.0"/>
  <testcase classname="com.gfg.ParametrizedUnitTest" name="evenNumberCheck" time="0.0"/>
  <testcase classname="com.gfg.ParametrizedUnitTest" name="evenNumberCheck" time="0.001"/>
  <testcase classname="com.gfg.ParametrizedUnitTest" name="evenNumberObjectCheck" time="0.0"/>
  <testcase classname="com.gfg.ParametrizedUnitTest" name="evenNumberObjectCheck" time="0.001"/>
  <testcase classname="com.gfg.ParametrizedUnitTest" name="evenNumberObjectCheck" time="0.0"/>
  <testcase classname="com.gfg.PriorityUnitTest" name="stringToIntCheck" time="0.0"/>
  <testcase classname="com.gfg.PriorityUnitTest" name="intToStringCheck" time="0.0"/>
  <testcase classname="com.gfg.TimeOutCheckTest" name="asNoStoppingPointItRunsTimeOut" time="0.0">
    <ignored/>
  </testcase> <!-- asNoStoppingPointItRunsTimeOut -->
</testsuite> <!-- Command line test -->
